<?xml version="1.0" encoding="UTF-8"?>
<testsuite xmlns:xsi="http://www.w3.org/2001/XMLSchema-instance" xsi:noNamespaceSchemaLocation="https://maven.apache.org/surefire/maven-surefire-plugin/xsd/surefire-test-report.xsd" name="TestSuite" time="7,378.271" tests="83" errors="0" skipped="0" failures="4">
  <properties>
    <property name="sun.desktop" value="windows"/>
    <property name="awt.toolkit" value="sun.awt.windows.WToolkit"/>
    <property name="java.specification.version" value="1.8"/>
    <property name="file.encoding.pkg" value="sun.io"/>
    <property name="sun.cpu.isalist" value="amd64"/>
    <property name="sun.jnu.encoding" value="GBK"/>
    <property name="platformType" value=""/>
    <property name="org.uncommons.reportng.escape-output" value="false"/>
    <property name="java.class.path" value="E:\heduijiang\APP_Test\target\test-classes;E:\heduijiang\APP_Test\target\classes;C:\Users\Administrator\.m2\repository\junit\junit\3.8.1\junit-3.8.1.jar;C:\Users\Administrator\.m2\repository\org\seleniumhq\selenium\selenium-java\3.14.0\selenium-java-3.14.0.jar;C:\Users\Administrator\.m2\repository\org\seleniumhq\selenium\selenium-api\3.14.0\selenium-api-3.14.0.jar;C:\Users\Administrator\.m2\repository\org\seleniumhq\selenium\selenium-chrome-driver\3.14.0\selenium-chrome-driver-3.14.0.jar;C:\Users\Administrator\.m2\repository\org\seleniumhq\selenium\selenium-edge-driver\3.14.0\selenium-edge-driver-3.14.0.jar;C:\Users\Administrator\.m2\repository\org\seleniumhq\selenium\selenium-firefox-driver\3.14.0\selenium-firefox-driver-3.14.0.jar;C:\Users\Administrator\.m2\repository\org\seleniumhq\selenium\selenium-ie-driver\3.14.0\selenium-ie-driver-3.14.0.jar;C:\Users\Administrator\.m2\repository\org\seleniumhq\selenium\selenium-opera-driver\3.14.0\selenium-opera-driver-3.14.0.jar;C:\Users\Administrator\.m2\repository\org\seleniumhq\selenium\selenium-remote-driver\3.14.0\selenium-remote-driver-3.14.0.jar;C:\Users\Administrator\.m2\repository\org\seleniumhq\selenium\selenium-safari-driver\3.14.0\selenium-safari-driver-3.14.0.jar;C:\Users\Administrator\.m2\repository\org\seleniumhq\selenium\selenium-support\3.14.0\selenium-support-3.14.0.jar;C:\Users\Administrator\.m2\repository\net\bytebuddy\byte-buddy\1.8.15\byte-buddy-1.8.15.jar;C:\Users\Administrator\.m2\repository\org\apache\commons\commons-exec\1.3\commons-exec-1.3.jar;C:\Users\Administrator\.m2\repository\commons-codec\commons-codec\1.10\commons-codec-1.10.jar;C:\Users\Administrator\.m2\repository\com\google\guava\guava\25.0-jre\guava-25.0-jre.jar;C:\Users\Administrator\.m2\repository\com\google\code\findbugs\jsr305\1.3.9\jsr305-1.3.9.jar;C:\Users\Administrator\.m2\repository\org\checkerframework\checker-compat-qual\2.0.0\checker-compat-qual-2.0.0.jar;C:\Users\Administrator\.m2\repository\com\google\errorprone\error_prone_annotations\2.1.3\error_prone_annotations-2.1.3.jar;C:\Users\Administrator\.m2\repository\com\google\j2objc\j2objc-annotations\1.1\j2objc-annotations-1.1.jar;C:\Users\Administrator\.m2\repository\org\codehaus\mojo\animal-sniffer-annotations\1.14\animal-sniffer-annotations-1.14.jar;C:\Users\Administrator\.m2\repository\org\apache\httpcomponents\httpclient\4.5.5\httpclient-4.5.5.jar;C:\Users\Administrator\.m2\repository\org\apache\httpcomponents\httpcore\4.4.9\httpcore-4.4.9.jar;C:\Users\Administrator\.m2\repository\com\squareup\okhttp3\okhttp\3.10.0\okhttp-3.10.0.jar;C:\Users\Administrator\.m2\repository\com\squareup\okio\okio\1.14.1\okio-1.14.1.jar;C:\Users\Administrator\.m2\repository\org\seleniumhq\selenium\selenium-server\3.14.0\selenium-server-3.14.0.jar;C:\Users\Administrator\.m2\repository\com\beust\jcommander\1.72\jcommander-1.72.jar;C:\Users\Administrator\.m2\repository\org\apache\commons\commons-lang3\3.7\commons-lang3-3.7.jar;C:\Users\Administrator\.m2\repository\org\apache\commons\commons-text\1.1\commons-text-1.1.jar;C:\Users\Administrator\.m2\repository\commons-io\commons-io\2.6\commons-io-2.6.jar;C:\Users\Administrator\.m2\repository\commons-net\commons-net\3.6\commons-net-3.6.jar;C:\Users\Administrator\.m2\repository\net\sourceforge\htmlunit\htmlunit\2.30\htmlunit-2.30.jar;C:\Users\Administrator\.m2\repository\net\sourceforge\htmlunit\htmlunit-core-js\2.28\htmlunit-core-js-2.28.jar;C:\Users\Administrator\.m2\repository\net\sourceforge\htmlunit\htmlunit-cssparser\1.0.0\htmlunit-cssparser-1.0.0.jar;C:\Users\Administrator\.m2\repository\net\sourceforge\htmlunit\neko-htmlunit\2.30\neko-htmlunit-2.30.jar;C:\Users\Administrator\.m2\repository\org\apache\httpcomponents\httpmime\4.5.5\httpmime-4.5.5.jar;C:\Users\Administrator\.m2\repository\net\jcip\jcip-annotations\1.0\jcip-annotations-1.0.jar;C:\Users\Administrator\.m2\repository\org\seleniumhq\selenium\jetty-repacked\9.4.8.v20180619\jetty-repacked-9.4.8.v20180619.jar;C:\Users\Administrator\.m2\repository\org\eclipse\jetty\jetty-client\9.4.8.v20180619\jetty-client-9.4.8.v20180619.jar;C:\Users\Administrator\.m2\repository\org\eclipse\jetty\jetty-http\9.4.8.v20180619\jetty-http-9.4.8.v20180619.jar;C:\Users\Administrator\.m2\repository\org\eclipse\jetty\jetty-io\9.4.8.v20180619\jetty-io-9.4.8.v20180619.jar;C:\Users\Administrator\.m2\repository\org\eclipse\jetty\jetty-util\9.4.8.v20180619\jetty-util-9.4.8.v20180619.jar;C:\Users\Administrator\.m2\repository\org\eclipse\jetty\jetty-xml\9.4.8.v20180619\jetty-xml-9.4.8.v20180619.jar;C:\Users\Administrator\.m2\repository\org\seleniumhq\selenium\htmlunit-driver\2.30.0\htmlunit-driver-2.30.0.jar;C:\Users\Administrator\.m2\repository\javax\servlet\javax.servlet-api\3.1.0\javax.servlet-api-3.1.0.jar;C:\Users\Administrator\.m2\repository\org\eclipse\jetty\websocket\websocket-api\9.4.8.v20180619\websocket-api-9.4.8.v20180619.jar;C:\Users\Administrator\.m2\repository\org\eclipse\jetty\websocket\websocket-client\9.4.8.v20180619\websocket-client-9.4.8.v20180619.jar;C:\Users\Administrator\.m2\repository\org\eclipse\jetty\websocket\websocket-common\9.4.8.v20180619\websocket-common-9.4.8.v20180619.jar;C:\Users\Administrator\.m2\repository\xalan\serializer\2.7.2\serializer-2.7.2.jar;C:\Users\Administrator\.m2\repository\xalan\xalan\2.7.2\xalan-2.7.2.jar;C:\Users\Administrator\.m2\repository\xerces\xercesImpl\2.11.0\xercesImpl-2.11.0.jar;C:\Users\Administrator\.m2\repository\xml-apis\xml-apis\1.4.01\xml-apis-1.4.01.jar;C:\Users\Administrator\.m2\repository\org\yaml\snakeyaml\1.19\snakeyaml-1.19.jar;C:\Users\Administrator\.m2\repository\org\apache\maven\plugins\maven-dependency-plugin\3.1.1\maven-dependency-plugin-3.1.1.jar;C:\Users\Administrator\.m2\repository\org\apache\maven\maven-artifact\3.0\maven-artifact-3.0.jar;C:\Users\Administrator\.m2\repository\org\apache\maven\maven-plugin-api\3.0\maven-plugin-api-3.0.jar;C:\Users\Administrator\.m2\repository\org\sonatype\sisu\sisu-inject-plexus\1.4.2\sisu-inject-plexus-1.4.2.jar;C:\Users\Administrator\.m2\repository\org\sonatype\sisu\sisu-inject-bean\1.4.2\sisu-inject-bean-1.4.2.jar;C:\Users\Administrator\.m2\repository\org\sonatype\sisu\sisu-guice\2.1.7\sisu-guice-2.1.7-noaop.jar;C:\Users\Administrator\.m2\repository\org\apache\maven\maven-model\3.0\maven-model-3.0.jar;C:\Users\Administrator\.m2\repository\org\apache\maven\maven-core\3.0\maven-core-3.0.jar;C:\Users\Administrator\.m2\repository\org\apache\maven\maven-settings\3.0\maven-settings-3.0.jar;C:\Users\Administrator\.m2\repository\org\apache\maven\maven-settings-builder\3.0\maven-settings-builder-3.0.jar;C:\Users\Administrator\.m2\repository\org\apache\maven\maven-model-builder\3.0\maven-model-builder-3.0.jar;C:\Users\Administrator\.m2\repository\org\apache\maven\maven-aether-provider\3.0\maven-aether-provider-3.0.jar;C:\Users\Administrator\.m2\repository\org\sonatype\aether\aether-impl\1.7\aether-impl-1.7.jar;C:\Users\Administrator\.m2\repository\org\sonatype\aether\aether-spi\1.7\aether-spi-1.7.jar;C:\Users\Administrator\.m2\repository\org\sonatype\aether\aether-api\1.7\aether-api-1.7.jar;C:\Users\Administrator\.m2\repository\org\sonatype\aether\aether-util\1.7\aether-util-1.7.jar;C:\Users\Administrator\.m2\repository\org\codehaus\plexus\plexus-classworlds\2.2.3\plexus-classworlds-2.2.3.jar;C:\Users\Administrator\.m2\repository\org\codehaus\plexus\plexus-component-annotations\1.5.5\plexus-component-annotations-1.5.5.jar;C:\Users\Administrator\.m2\repository\org\sonatype\plexus\plexus-sec-dispatcher\1.3\plexus-sec-dispatcher-1.3.jar;C:\Users\Administrator\.m2\repository\org\sonatype\plexus\plexus-cipher\1.4\plexus-cipher-1.4.jar;C:\Users\Administrator\.m2\repository\org\apache\maven\maven-repository-metadata\3.0\maven-repository-metadata-3.0.jar;C:\Users\Administrator\.m2\repository\org\apache\maven\reporting\maven-reporting-api\3.0\maven-reporting-api-3.0.jar;C:\Users\Administrator\.m2\repository\org\apache\maven\reporting\maven-reporting-impl\2.3\maven-reporting-impl-2.3.jar;C:\Users\Administrator\.m2\repository\org\apache\maven\doxia\doxia-core\1.2\doxia-core-1.2.jar;C:\Users\Administrator\.m2\repository\org\apache\maven\doxia\doxia-sink-api\1.4\doxia-sink-api-1.4.jar;C:\Users\Administrator\.m2\repository\org\apache\maven\doxia\doxia-logging-api\1.4\doxia-logging-api-1.4.jar;C:\Users\Administrator\.m2\repository\org\apache\maven\doxia\doxia-site-renderer\1.4\doxia-site-renderer-1.4.jar;C:\Users\Administrator\.m2\repository\org\apache\maven\doxia\doxia-decoration-model\1.4\doxia-decoration-model-1.4.jar;C:\Users\Administrator\.m2\repository\org\apache\maven\doxia\doxia-module-xhtml\1.4\doxia-module-xhtml-1.4.jar;C:\Users\Administrator\.m2\repository\org\apache\maven\doxia\doxia-module-fml\1.4\doxia-module-fml-1.4.jar;C:\Users\Administrator\.m2\repository\org\codehaus\plexus\plexus-i18n\1.0-beta-7\plexus-i18n-1.0-beta-7.jar;C:\Users\Administrator\.m2\repository\org\codehaus\plexus\plexus-container-default\1.0-alpha-30\plexus-container-default-1.0-alpha-30.jar;C:\Users\Administrator\.m2\repository\org\codehaus\plexus\plexus-velocity\1.1.7\plexus-velocity-1.1.7.jar;C:\Users\Administrator\.m2\repository\org\apache\velocity\velocity\1.5\velocity-1.5.jar;C:\Users\Administrator\.m2\repository\oro\oro\2.0.8\oro-2.0.8.jar;C:\Users\Administrator\.m2\repository\org\apache\velocity\velocity-tools\2.0\velocity-tools-2.0.jar;C:\Users\Administrator\.m2\repository\commons-chain\commons-chain\1.1\commons-chain-1.1.jar;C:\Users\Administrator\.m2\repository\dom4j\dom4j\1.1\dom4j-1.1.jar;C:\Users\Administrator\.m2\repository\sslext\sslext\1.2-0\sslext-1.2-0.jar;C:\Users\Administrator\.m2\repository\org\apache\struts\struts-core\1.3.8\struts-core-1.3.8.jar;C:\Users\Administrator\.m2\repository\antlr\antlr\2.7.2\antlr-2.7.2.jar;C:\Users\Administrator\.m2\repository\org\apache\struts\struts-taglib\1.3.8\struts-taglib-1.3.8.jar;C:\Users\Administrator\.m2\repository\org\apache\struts\struts-tiles\1.3.8\struts-tiles-1.3.8.jar;C:\Users\Administrator\.m2\repository\org\codehaus\plexus\plexus-archiver\3.6.0\plexus-archiver-3.6.0.jar;C:\Users\Administrator\.m2\repository\org\apache\commons\commons-compress\1.16.1\commons-compress-1.16.1.jar;C:\Users\Administrator\.m2\repository\org\objenesis\objenesis\2.6\objenesis-2.6.jar;C:\Users\Administrator\.m2\repository\org\iq80\snappy\snappy\0.4\snappy-0.4.jar;C:\Users\Administrator\.m2\repository\org\tukaani\xz\1.8\xz-1.8.jar;C:\Users\Administrator\.m2\repository\org\codehaus\plexus\plexus-utils\3.1.0\plexus-utils-3.1.0.jar;C:\Users\Administrator\.m2\repository\org\apache\maven\shared\file-management\3.0.0\file-management-3.0.0.jar;C:\Users\Administrator\.m2\repository\org\apache\maven\shared\maven-shared-io\3.0.0\maven-shared-io-3.0.0.jar;C:\Users\Administrator\.m2\repository\org\apache\maven\maven-compat\3.0\maven-compat-3.0.jar;C:\Users\Administrator\.m2\repository\org\apache\maven\wagon\wagon-provider-api\2.10\wagon-provider-api-2.10.jar;C:\Users\Administrator\.m2\repository\org\codehaus\plexus\plexus-io\3.0.0\plexus-io-3.0.0.jar;C:\Users\Administrator\.m2\repository\org\apache\maven\shared\maven-dependency-analyzer\1.10\maven-dependency-analyzer-1.10.jar;C:\Users\Administrator\.m2\repository\org\ow2\asm\asm\6.1.1\asm-6.1.1.jar;C:\Users\Administrator\.m2\repository\org\apache\maven\shared\maven-dependency-tree\3.0.1\maven-dependency-tree-3.0.1.jar;C:\Users\Administrator\.m2\repository\org\eclipse\aether\aether-util\0.9.0.M2\aether-util-0.9.0.M2.jar;C:\Users\Administrator\.m2\repository\org\apache\maven\shared\maven-common-artifact-filters\3.0.1\maven-common-artifact-filters-3.0.1.jar;C:\Users\Administrator\.m2\repository\org\apache\maven\shared\maven-artifact-transfer\0.9.1\maven-artifact-transfer-0.9.1.jar;C:\Users\Administrator\.m2\repository\org\apache\maven\shared\maven-shared-utils\3.2.0\maven-shared-utils-3.2.0.jar;C:\Users\Administrator\.m2\repository\commons-lang\commons-lang\2.6\commons-lang-2.6.jar;C:\Users\Administrator\.m2\repository\commons-collections\commons-collections\3.2.2\commons-collections-3.2.2.jar;C:\Users\Administrator\.m2\repository\classworlds\classworlds\1.1\classworlds-1.1.jar;C:\Users\Administrator\.m2\repository\io\appium\java-client\6.1.0\java-client-6.1.0.jar;C:\Users\Administrator\.m2\repository\com\google\code\gson\gson\2.8.4\gson-2.8.4.jar;C:\Users\Administrator\.m2\repository\cglib\cglib\3.2.6\cglib-3.2.6.jar;C:\Users\Administrator\.m2\repository\commons-validator\commons-validator\1.6\commons-validator-1.6.jar;C:\Users\Administrator\.m2\repository\commons-digester\commons-digester\1.8.1\commons-digester-1.8.1.jar;C:\Users\Administrator\.m2\repository\org\springframework\spring-context\5.0.5.RELEASE\spring-context-5.0.5.RELEASE.jar;C:\Users\Administrator\.m2\repository\org\springframework\spring-aop\5.0.5.RELEASE\spring-aop-5.0.5.RELEASE.jar;C:\Users\Administrator\.m2\repository\org\springframework\spring-beans\5.0.5.RELEASE\spring-beans-5.0.5.RELEASE.jar;C:\Users\Administrator\.m2\repository\org\springframework\spring-core\5.0.5.RELEASE\spring-core-5.0.5.RELEASE.jar;C:\Users\Administrator\.m2\repository\org\springframework\spring-jcl\5.0.5.RELEASE\spring-jcl-5.0.5.RELEASE.jar;C:\Users\Administrator\.m2\repository\org\springframework\spring-expression\5.0.5.RELEASE\spring-expression-5.0.5.RELEASE.jar;C:\Users\Administrator\.m2\repository\org\aspectj\aspectjweaver\1.9.1\aspectjweaver-1.9.1.jar;C:\Users\Administrator\.m2\repository\org\openpnp\opencv\3.2.0-1\opencv-3.2.0-1.jar;C:\Users\Administrator\.m2\repository\net\sf\json-lib\json-lib\2.4\json-lib-2.4-jdk15.jar;C:\Users\Administrator\.m2\repository\commons-beanutils\commons-beanutils\1.8.0\commons-beanutils-1.8.0.jar;C:\Users\Administrator\.m2\repository\net\sf\ezmorph\ezmorph\1.0.6\ezmorph-1.0.6.jar;C:\Users\Administrator\.m2\repository\org\apache\maven\plugins\maven-resources-plugin\3.1.0\maven-resources-plugin-3.1.0.jar;C:\Users\Administrator\.m2\repository\org\apache\maven\shared\maven-filtering\3.1.1\maven-filtering-3.1.1.jar;C:\Users\Administrator\.m2\repository\org\sonatype\plexus\plexus-build-api\0.0.7\plexus-build-api-0.0.7.jar;C:\Users\Administrator\.m2\repository\org\codehaus\plexus\plexus-interpolation\1.24\plexus-interpolation-1.24.jar;C:\Users\Administrator\.m2\repository\org\testng\testng\7.3.0\testng-7.3.0.jar;C:\Users\Administrator\.m2\repository\org\apache\ant\ant\1.10.3\ant-1.10.3.jar;C:\Users\Administrator\.m2\repository\org\apache\ant\ant-launcher\1.10.3\ant-launcher-1.10.3.jar;C:\Users\Administrator\.m2\repository\com\google\inject\guice\4.2.2\guice-4.2.2-no_aop.jar;C:\Users\Administrator\.m2\repository\org\uncommons\reportng\1.1.4\reportng-1.1.4.jar;C:\Users\Administrator\.m2\repository\velocity\velocity\1.4\velocity-1.4.jar;C:\Users\Administrator\.m2\repository\velocity\velocity-dep\1.4\velocity-dep-1.4.jar;C:\Users\Administrator\.m2\repository\com\google\inject\guice\3.0\guice-3.0.jar;C:\Users\Administrator\.m2\repository\javax\inject\javax.inject\1\javax.inject-1.jar;C:\Users\Administrator\.m2\repository\aopalliance\aopalliance\1.0\aopalliance-1.0.jar;C:\Users\Administrator\.m2\repository\org\dom4j\dom4j\2.1.1\dom4j-2.1.1.jar;C:\Users\Administrator\.m2\repository\jaxen\jaxen\1.1.6\jaxen-1.1.6.jar;C:\Users\Administrator\.m2\repository\javax\mail\mail\1.4.7\mail-1.4.7.jar;C:\Users\Administrator\.m2\repository\javax\activation\activation\1.1\activation-1.1.jar;C:\Users\Administrator\.m2\repository\org\apache\poi\poi\3.17\poi-3.17.jar;C:\Users\Administrator\.m2\repository\org\apache\commons\commons-collections4\4.1\commons-collections4-4.1.jar;C:\Users\Administrator\.m2\repository\org\apache\poi\poi-ooxml\3.17\poi-ooxml-3.17.jar;C:\Users\Administrator\.m2\repository\org\apache\poi\poi-ooxml-schemas\3.17\poi-ooxml-schemas-3.17.jar;C:\Users\Administrator\.m2\repository\org\apache\xmlbeans\xmlbeans\2.6.0\xmlbeans-2.6.0.jar;C:\Users\Administrator\.m2\repository\stax\stax-api\1.0.1\stax-api-1.0.1.jar;C:\Users\Administrator\.m2\repository\com\github\virtuald\curvesapi\1.04\curvesapi-1.04.jar;C:\Users\Administrator\.m2\repository\commons-logging\commons-logging\1.2\commons-logging-1.2.jar;C:\Users\Administrator\.m2\repository\org\apache\logging\log4j\log4j-api\2.11.0\log4j-api-2.11.0.jar;C:\Users\Administrator\.m2\repository\org\apache\logging\log4j\log4j-core\2.11.0\log4j-core-2.11.0.jar;C:\Users\Administrator\.m2\repository\org\slf4j\slf4j-log4j12\1.7.25\slf4j-log4j12-1.7.25.jar;C:\Users\Administrator\.m2\repository\org\slf4j\slf4j-api\1.7.25\slf4j-api-1.7.25.jar;C:\Users\Administrator\.m2\repository\log4j\log4j\1.2.17\log4j-1.2.17.jar;C:\Users\Administrator\.m2\repository\org\apache\maven\surefire\surefire-testng-utils\2.22.0\surefire-testng-utils-2.22.0.jar;C:\Users\Administrator\.m2\repository\org\apache\maven\surefire\surefire-grouper\2.22.0\surefire-grouper-2.22.0.jar;"/>
    <property name="java.vm.vendor" value="Oracle Corporation"/>
    <property name="deviceName" value=""/>
    <property name="sun.arch.data.model" value="64"/>
    <property name="user.variant" value=""/>
    <property name="java.vendor.url" value="http://java.oracle.com/"/>
    <property name="user.timezone" value="Asia/Shanghai"/>
    <property name="java.vm.specification.version" value="1.8"/>
    <property name="os.name" value="Windows 7"/>
    <property name="user.country" value="CN"/>
    <property name="sun.java.launcher" value="SUN_STANDARD"/>
    <property name="sun.boot.library.path" value="C:\Program Files\Java\jdk1.8.0_181\jre\bin"/>
    <property name="sun.java.command" value="C:\Users\ADMINI~1\AppData\Local\Temp\surefire8155458992491747097\surefirebooter6249926182930681899.jar C:\Users\Administrator\AppData\Local\Temp\surefire8155458992491747097 2021-11-24T14-37-10_566-jvmRun1 surefire6151204651656240082tmp surefire_03614539933336232352tmp"/>
    <property name="surefire.test.class.path" value="E:\heduijiang\APP_Test\target\test-classes;E:\heduijiang\APP_Test\target\classes;C:\Users\Administrator\.m2\repository\junit\junit\3.8.1\junit-3.8.1.jar;C:\Users\Administrator\.m2\repository\org\seleniumhq\selenium\selenium-java\3.14.0\selenium-java-3.14.0.jar;C:\Users\Administrator\.m2\repository\org\seleniumhq\selenium\selenium-api\3.14.0\selenium-api-3.14.0.jar;C:\Users\Administrator\.m2\repository\org\seleniumhq\selenium\selenium-chrome-driver\3.14.0\selenium-chrome-driver-3.14.0.jar;C:\Users\Administrator\.m2\repository\org\seleniumhq\selenium\selenium-edge-driver\3.14.0\selenium-edge-driver-3.14.0.jar;C:\Users\Administrator\.m2\repository\org\seleniumhq\selenium\selenium-firefox-driver\3.14.0\selenium-firefox-driver-3.14.0.jar;C:\Users\Administrator\.m2\repository\org\seleniumhq\selenium\selenium-ie-driver\3.14.0\selenium-ie-driver-3.14.0.jar;C:\Users\Administrator\.m2\repository\org\seleniumhq\selenium\selenium-opera-driver\3.14.0\selenium-opera-driver-3.14.0.jar;C:\Users\Administrator\.m2\repository\org\seleniumhq\selenium\selenium-remote-driver\3.14.0\selenium-remote-driver-3.14.0.jar;C:\Users\Administrator\.m2\repository\org\seleniumhq\selenium\selenium-safari-driver\3.14.0\selenium-safari-driver-3.14.0.jar;C:\Users\Administrator\.m2\repository\org\seleniumhq\selenium\selenium-support\3.14.0\selenium-support-3.14.0.jar;C:\Users\Administrator\.m2\repository\net\bytebuddy\byte-buddy\1.8.15\byte-buddy-1.8.15.jar;C:\Users\Administrator\.m2\repository\org\apache\commons\commons-exec\1.3\commons-exec-1.3.jar;C:\Users\Administrator\.m2\repository\commons-codec\commons-codec\1.10\commons-codec-1.10.jar;C:\Users\Administrator\.m2\repository\com\google\guava\guava\25.0-jre\guava-25.0-jre.jar;C:\Users\Administrator\.m2\repository\com\google\code\findbugs\jsr305\1.3.9\jsr305-1.3.9.jar;C:\Users\Administrator\.m2\repository\org\checkerframework\checker-compat-qual\2.0.0\checker-compat-qual-2.0.0.jar;C:\Users\Administrator\.m2\repository\com\google\errorprone\error_prone_annotations\2.1.3\error_prone_annotations-2.1.3.jar;C:\Users\Administrator\.m2\repository\com\google\j2objc\j2objc-annotations\1.1\j2objc-annotations-1.1.jar;C:\Users\Administrator\.m2\repository\org\codehaus\mojo\animal-sniffer-annotations\1.14\animal-sniffer-annotations-1.14.jar;C:\Users\Administrator\.m2\repository\org\apache\httpcomponents\httpclient\4.5.5\httpclient-4.5.5.jar;C:\Users\Administrator\.m2\repository\org\apache\httpcomponents\httpcore\4.4.9\httpcore-4.4.9.jar;C:\Users\Administrator\.m2\repository\com\squareup\okhttp3\okhttp\3.10.0\okhttp-3.10.0.jar;C:\Users\Administrator\.m2\repository\com\squareup\okio\okio\1.14.1\okio-1.14.1.jar;C:\Users\Administrator\.m2\repository\org\seleniumhq\selenium\selenium-server\3.14.0\selenium-server-3.14.0.jar;C:\Users\Administrator\.m2\repository\com\beust\jcommander\1.72\jcommander-1.72.jar;C:\Users\Administrator\.m2\repository\org\apache\commons\commons-lang3\3.7\commons-lang3-3.7.jar;C:\Users\Administrator\.m2\repository\org\apache\commons\commons-text\1.1\commons-text-1.1.jar;C:\Users\Administrator\.m2\repository\commons-io\commons-io\2.6\commons-io-2.6.jar;C:\Users\Administrator\.m2\repository\commons-net\commons-net\3.6\commons-net-3.6.jar;C:\Users\Administrator\.m2\repository\net\sourceforge\htmlunit\htmlunit\2.30\htmlunit-2.30.jar;C:\Users\Administrator\.m2\repository\net\sourceforge\htmlunit\htmlunit-core-js\2.28\htmlunit-core-js-2.28.jar;C:\Users\Administrator\.m2\repository\net\sourceforge\htmlunit\htmlunit-cssparser\1.0.0\htmlunit-cssparser-1.0.0.jar;C:\Users\Administrator\.m2\repository\net\sourceforge\htmlunit\neko-htmlunit\2.30\neko-htmlunit-2.30.jar;C:\Users\Administrator\.m2\repository\org\apache\httpcomponents\httpmime\4.5.5\httpmime-4.5.5.jar;C:\Users\Administrator\.m2\repository\net\jcip\jcip-annotations\1.0\jcip-annotations-1.0.jar;C:\Users\Administrator\.m2\repository\org\seleniumhq\selenium\jetty-repacked\9.4.8.v20180619\jetty-repacked-9.4.8.v20180619.jar;C:\Users\Administrator\.m2\repository\org\eclipse\jetty\jetty-client\9.4.8.v20180619\jetty-client-9.4.8.v20180619.jar;C:\Users\Administrator\.m2\repository\org\eclipse\jetty\jetty-http\9.4.8.v20180619\jetty-http-9.4.8.v20180619.jar;C:\Users\Administrator\.m2\repository\org\eclipse\jetty\jetty-io\9.4.8.v20180619\jetty-io-9.4.8.v20180619.jar;C:\Users\Administrator\.m2\repository\org\eclipse\jetty\jetty-util\9.4.8.v20180619\jetty-util-9.4.8.v20180619.jar;C:\Users\Administrator\.m2\repository\org\eclipse\jetty\jetty-xml\9.4.8.v20180619\jetty-xml-9.4.8.v20180619.jar;C:\Users\Administrator\.m2\repository\org\seleniumhq\selenium\htmlunit-driver\2.30.0\htmlunit-driver-2.30.0.jar;C:\Users\Administrator\.m2\repository\javax\servlet\javax.servlet-api\3.1.0\javax.servlet-api-3.1.0.jar;C:\Users\Administrator\.m2\repository\org\eclipse\jetty\websocket\websocket-api\9.4.8.v20180619\websocket-api-9.4.8.v20180619.jar;C:\Users\Administrator\.m2\repository\org\eclipse\jetty\websocket\websocket-client\9.4.8.v20180619\websocket-client-9.4.8.v20180619.jar;C:\Users\Administrator\.m2\repository\org\eclipse\jetty\websocket\websocket-common\9.4.8.v20180619\websocket-common-9.4.8.v20180619.jar;C:\Users\Administrator\.m2\repository\xalan\serializer\2.7.2\serializer-2.7.2.jar;C:\Users\Administrator\.m2\repository\xalan\xalan\2.7.2\xalan-2.7.2.jar;C:\Users\Administrator\.m2\repository\xerces\xercesImpl\2.11.0\xercesImpl-2.11.0.jar;C:\Users\Administrator\.m2\repository\xml-apis\xml-apis\1.4.01\xml-apis-1.4.01.jar;C:\Users\Administrator\.m2\repository\org\yaml\snakeyaml\1.19\snakeyaml-1.19.jar;C:\Users\Administrator\.m2\repository\org\apache\maven\plugins\maven-dependency-plugin\3.1.1\maven-dependency-plugin-3.1.1.jar;C:\Users\Administrator\.m2\repository\org\apache\maven\maven-artifact\3.0\maven-artifact-3.0.jar;C:\Users\Administrator\.m2\repository\org\apache\maven\maven-plugin-api\3.0\maven-plugin-api-3.0.jar;C:\Users\Administrator\.m2\repository\org\sonatype\sisu\sisu-inject-plexus\1.4.2\sisu-inject-plexus-1.4.2.jar;C:\Users\Administrator\.m2\repository\org\sonatype\sisu\sisu-inject-bean\1.4.2\sisu-inject-bean-1.4.2.jar;C:\Users\Administrator\.m2\repository\org\sonatype\sisu\sisu-guice\2.1.7\sisu-guice-2.1.7-noaop.jar;C:\Users\Administrator\.m2\repository\org\apache\maven\maven-model\3.0\maven-model-3.0.jar;C:\Users\Administrator\.m2\repository\org\apache\maven\maven-core\3.0\maven-core-3.0.jar;C:\Users\Administrator\.m2\repository\org\apache\maven\maven-settings\3.0\maven-settings-3.0.jar;C:\Users\Administrator\.m2\repository\org\apache\maven\maven-settings-builder\3.0\maven-settings-builder-3.0.jar;C:\Users\Administrator\.m2\repository\org\apache\maven\maven-model-builder\3.0\maven-model-builder-3.0.jar;C:\Users\Administrator\.m2\repository\org\apache\maven\maven-aether-provider\3.0\maven-aether-provider-3.0.jar;C:\Users\Administrator\.m2\repository\org\sonatype\aether\aether-impl\1.7\aether-impl-1.7.jar;C:\Users\Administrator\.m2\repository\org\sonatype\aether\aether-spi\1.7\aether-spi-1.7.jar;C:\Users\Administrator\.m2\repository\org\sonatype\aether\aether-api\1.7\aether-api-1.7.jar;C:\Users\Administrator\.m2\repository\org\sonatype\aether\aether-util\1.7\aether-util-1.7.jar;C:\Users\Administrator\.m2\repository\org\codehaus\plexus\plexus-classworlds\2.2.3\plexus-classworlds-2.2.3.jar;C:\Users\Administrator\.m2\repository\org\codehaus\plexus\plexus-component-annotations\1.5.5\plexus-component-annotations-1.5.5.jar;C:\Users\Administrator\.m2\repository\org\sonatype\plexus\plexus-sec-dispatcher\1.3\plexus-sec-dispatcher-1.3.jar;C:\Users\Administrator\.m2\repository\org\sonatype\plexus\plexus-cipher\1.4\plexus-cipher-1.4.jar;C:\Users\Administrator\.m2\repository\org\apache\maven\maven-repository-metadata\3.0\maven-repository-metadata-3.0.jar;C:\Users\Administrator\.m2\repository\org\apache\maven\reporting\maven-reporting-api\3.0\maven-reporting-api-3.0.jar;C:\Users\Administrator\.m2\repository\org\apache\maven\reporting\maven-reporting-impl\2.3\maven-reporting-impl-2.3.jar;C:\Users\Administrator\.m2\repository\org\apache\maven\doxia\doxia-core\1.2\doxia-core-1.2.jar;C:\Users\Administrator\.m2\repository\org\apache\maven\doxia\doxia-sink-api\1.4\doxia-sink-api-1.4.jar;C:\Users\Administrator\.m2\repository\org\apache\maven\doxia\doxia-logging-api\1.4\doxia-logging-api-1.4.jar;C:\Users\Administrator\.m2\repository\org\apache\maven\doxia\doxia-site-renderer\1.4\doxia-site-renderer-1.4.jar;C:\Users\Administrator\.m2\repository\org\apache\maven\doxia\doxia-decoration-model\1.4\doxia-decoration-model-1.4.jar;C:\Users\Administrator\.m2\repository\org\apache\maven\doxia\doxia-module-xhtml\1.4\doxia-module-xhtml-1.4.jar;C:\Users\Administrator\.m2\repository\org\apache\maven\doxia\doxia-module-fml\1.4\doxia-module-fml-1.4.jar;C:\Users\Administrator\.m2\repository\org\codehaus\plexus\plexus-i18n\1.0-beta-7\plexus-i18n-1.0-beta-7.jar;C:\Users\Administrator\.m2\repository\org\codehaus\plexus\plexus-container-default\1.0-alpha-30\plexus-container-default-1.0-alpha-30.jar;C:\Users\Administrator\.m2\repository\org\codehaus\plexus\plexus-velocity\1.1.7\plexus-velocity-1.1.7.jar;C:\Users\Administrator\.m2\repository\org\apache\velocity\velocity\1.5\velocity-1.5.jar;C:\Users\Administrator\.m2\repository\oro\oro\2.0.8\oro-2.0.8.jar;C:\Users\Administrator\.m2\repository\org\apache\velocity\velocity-tools\2.0\velocity-tools-2.0.jar;C:\Users\Administrator\.m2\repository\commons-chain\commons-chain\1.1\commons-chain-1.1.jar;C:\Users\Administrator\.m2\repository\dom4j\dom4j\1.1\dom4j-1.1.jar;C:\Users\Administrator\.m2\repository\sslext\sslext\1.2-0\sslext-1.2-0.jar;C:\Users\Administrator\.m2\repository\org\apache\struts\struts-core\1.3.8\struts-core-1.3.8.jar;C:\Users\Administrator\.m2\repository\antlr\antlr\2.7.2\antlr-2.7.2.jar;C:\Users\Administrator\.m2\repository\org\apache\struts\struts-taglib\1.3.8\struts-taglib-1.3.8.jar;C:\Users\Administrator\.m2\repository\org\apache\struts\struts-tiles\1.3.8\struts-tiles-1.3.8.jar;C:\Users\Administrator\.m2\repository\org\codehaus\plexus\plexus-archiver\3.6.0\plexus-archiver-3.6.0.jar;C:\Users\Administrator\.m2\repository\org\apache\commons\commons-compress\1.16.1\commons-compress-1.16.1.jar;C:\Users\Administrator\.m2\repository\org\objenesis\objenesis\2.6\objenesis-2.6.jar;C:\Users\Administrator\.m2\repository\org\iq80\snappy\snappy\0.4\snappy-0.4.jar;C:\Users\Administrator\.m2\repository\org\tukaani\xz\1.8\xz-1.8.jar;C:\Users\Administrator\.m2\repository\org\codehaus\plexus\plexus-utils\3.1.0\plexus-utils-3.1.0.jar;C:\Users\Administrator\.m2\repository\org\apache\maven\shared\file-management\3.0.0\file-management-3.0.0.jar;C:\Users\Administrator\.m2\repository\org\apache\maven\shared\maven-shared-io\3.0.0\maven-shared-io-3.0.0.jar;C:\Users\Administrator\.m2\repository\org\apache\maven\maven-compat\3.0\maven-compat-3.0.jar;C:\Users\Administrator\.m2\repository\org\apache\maven\wagon\wagon-provider-api\2.10\wagon-provider-api-2.10.jar;C:\Users\Administrator\.m2\repository\org\codehaus\plexus\plexus-io\3.0.0\plexus-io-3.0.0.jar;C:\Users\Administrator\.m2\repository\org\apache\maven\shared\maven-dependency-analyzer\1.10\maven-dependency-analyzer-1.10.jar;C:\Users\Administrator\.m2\repository\org\ow2\asm\asm\6.1.1\asm-6.1.1.jar;C:\Users\Administrator\.m2\repository\org\apache\maven\shared\maven-dependency-tree\3.0.1\maven-dependency-tree-3.0.1.jar;C:\Users\Administrator\.m2\repository\org\eclipse\aether\aether-util\0.9.0.M2\aether-util-0.9.0.M2.jar;C:\Users\Administrator\.m2\repository\org\apache\maven\shared\maven-common-artifact-filters\3.0.1\maven-common-artifact-filters-3.0.1.jar;C:\Users\Administrator\.m2\repository\org\apache\maven\shared\maven-artifact-transfer\0.9.1\maven-artifact-transfer-0.9.1.jar;C:\Users\Administrator\.m2\repository\org\apache\maven\shared\maven-shared-utils\3.2.0\maven-shared-utils-3.2.0.jar;C:\Users\Administrator\.m2\repository\commons-lang\commons-lang\2.6\commons-lang-2.6.jar;C:\Users\Administrator\.m2\repository\commons-collections\commons-collections\3.2.2\commons-collections-3.2.2.jar;C:\Users\Administrator\.m2\repository\classworlds\classworlds\1.1\classworlds-1.1.jar;C:\Users\Administrator\.m2\repository\io\appium\java-client\6.1.0\java-client-6.1.0.jar;C:\Users\Administrator\.m2\repository\com\google\code\gson\gson\2.8.4\gson-2.8.4.jar;C:\Users\Administrator\.m2\repository\cglib\cglib\3.2.6\cglib-3.2.6.jar;C:\Users\Administrator\.m2\repository\commons-validator\commons-validator\1.6\commons-validator-1.6.jar;C:\Users\Administrator\.m2\repository\commons-digester\commons-digester\1.8.1\commons-digester-1.8.1.jar;C:\Users\Administrator\.m2\repository\org\springframework\spring-context\5.0.5.RELEASE\spring-context-5.0.5.RELEASE.jar;C:\Users\Administrator\.m2\repository\org\springframework\spring-aop\5.0.5.RELEASE\spring-aop-5.0.5.RELEASE.jar;C:\Users\Administrator\.m2\repository\org\springframework\spring-beans\5.0.5.RELEASE\spring-beans-5.0.5.RELEASE.jar;C:\Users\Administrator\.m2\repository\org\springframework\spring-core\5.0.5.RELEASE\spring-core-5.0.5.RELEASE.jar;C:\Users\Administrator\.m2\repository\org\springframework\spring-jcl\5.0.5.RELEASE\spring-jcl-5.0.5.RELEASE.jar;C:\Users\Administrator\.m2\repository\org\springframework\spring-expression\5.0.5.RELEASE\spring-expression-5.0.5.RELEASE.jar;C:\Users\Administrator\.m2\repository\org\aspectj\aspectjweaver\1.9.1\aspectjweaver-1.9.1.jar;C:\Users\Administrator\.m2\repository\org\openpnp\opencv\3.2.0-1\opencv-3.2.0-1.jar;C:\Users\Administrator\.m2\repository\net\sf\json-lib\json-lib\2.4\json-lib-2.4-jdk15.jar;C:\Users\Administrator\.m2\repository\commons-beanutils\commons-beanutils\1.8.0\commons-beanutils-1.8.0.jar;C:\Users\Administrator\.m2\repository\net\sf\ezmorph\ezmorph\1.0.6\ezmorph-1.0.6.jar;C:\Users\Administrator\.m2\repository\org\apache\maven\plugins\maven-resources-plugin\3.1.0\maven-resources-plugin-3.1.0.jar;C:\Users\Administrator\.m2\repository\org\apache\maven\shared\maven-filtering\3.1.1\maven-filtering-3.1.1.jar;C:\Users\Administrator\.m2\repository\org\sonatype\plexus\plexus-build-api\0.0.7\plexus-build-api-0.0.7.jar;C:\Users\Administrator\.m2\repository\org\codehaus\plexus\plexus-interpolation\1.24\plexus-interpolation-1.24.jar;C:\Users\Administrator\.m2\repository\org\testng\testng\7.3.0\testng-7.3.0.jar;C:\Users\Administrator\.m2\repository\org\apache\ant\ant\1.10.3\ant-1.10.3.jar;C:\Users\Administrator\.m2\repository\org\apache\ant\ant-launcher\1.10.3\ant-launcher-1.10.3.jar;C:\Users\Administrator\.m2\repository\com\google\inject\guice\4.2.2\guice-4.2.2-no_aop.jar;C:\Users\Administrator\.m2\repository\org\uncommons\reportng\1.1.4\reportng-1.1.4.jar;C:\Users\Administrator\.m2\repository\velocity\velocity\1.4\velocity-1.4.jar;C:\Users\Administrator\.m2\repository\velocity\velocity-dep\1.4\velocity-dep-1.4.jar;C:\Users\Administrator\.m2\repository\com\google\inject\guice\3.0\guice-3.0.jar;C:\Users\Administrator\.m2\repository\javax\inject\javax.inject\1\javax.inject-1.jar;C:\Users\Administrator\.m2\repository\aopalliance\aopalliance\1.0\aopalliance-1.0.jar;C:\Users\Administrator\.m2\repository\org\dom4j\dom4j\2.1.1\dom4j-2.1.1.jar;C:\Users\Administrator\.m2\repository\jaxen\jaxen\1.1.6\jaxen-1.1.6.jar;C:\Users\Administrator\.m2\repository\javax\mail\mail\1.4.7\mail-1.4.7.jar;C:\Users\Administrator\.m2\repository\javax\activation\activation\1.1\activation-1.1.jar;C:\Users\Administrator\.m2\repository\org\apache\poi\poi\3.17\poi-3.17.jar;C:\Users\Administrator\.m2\repository\org\apache\commons\commons-collections4\4.1\commons-collections4-4.1.jar;C:\Users\Administrator\.m2\repository\org\apache\poi\poi-ooxml\3.17\poi-ooxml-3.17.jar;C:\Users\Administrator\.m2\repository\org\apache\poi\poi-ooxml-schemas\3.17\poi-ooxml-schemas-3.17.jar;C:\Users\Administrator\.m2\repository\org\apache\xmlbeans\xmlbeans\2.6.0\xmlbeans-2.6.0.jar;C:\Users\Administrator\.m2\repository\stax\stax-api\1.0.1\stax-api-1.0.1.jar;C:\Users\Administrator\.m2\repository\com\github\virtuald\curvesapi\1.04\curvesapi-1.04.jar;C:\Users\Administrator\.m2\repository\commons-logging\commons-logging\1.2\commons-logging-1.2.jar;C:\Users\Administrator\.m2\repository\org\apache\logging\log4j\log4j-api\2.11.0\log4j-api-2.11.0.jar;C:\Users\Administrator\.m2\repository\org\apache\logging\log4j\log4j-core\2.11.0\log4j-core-2.11.0.jar;C:\Users\Administrator\.m2\repository\org\slf4j\slf4j-log4j12\1.7.25\slf4j-log4j12-1.7.25.jar;C:\Users\Administrator\.m2\repository\org\slf4j\slf4j-api\1.7.25\slf4j-api-1.7.25.jar;C:\Users\Administrator\.m2\repository\log4j\log4j\1.2.17\log4j-1.2.17.jar;C:\Users\Administrator\.m2\repository\org\apache\maven\surefire\surefire-testng-utils\2.22.0\surefire-testng-utils-2.22.0.jar;C:\Users\Administrator\.m2\repository\org\apache\maven\surefire\surefire-grouper\2.22.0\surefire-grouper-2.22.0.jar;"/>
    <property name="sun.cpu.endian" value="little"/>
    <property name="user.home" value="C:\Users\Administrator"/>
    <property name="user.language" value="zh"/>
    <property name="java.specification.vendor" value="Oracle Corporation"/>
    <property name="java.home" value="C:\Program Files\Java\jdk1.8.0_181\jre"/>
    <property name="basedir" value="E:\heduijiang\APP_Test"/>
    <property name="file.separator" value="\"/>
    <property name="line.separator" value="&#10;"/>
    <property name="java.vm.specification.vendor" value="Oracle Corporation"/>
    <property name="java.specification.name" value="Java Platform API Specification"/>
    <property name="java.awt.graphicsenv" value="sun.awt.Win32GraphicsEnvironment"/>
    <property name="surefire.real.class.path" value="C:\Users\ADMINI~1\AppData\Local\Temp\surefire8155458992491747097\surefirebooter6249926182930681899.jar"/>
    <property name="sun.boot.class.path" value="C:\Program Files\Java\jdk1.8.0_181\jre\lib\resources.jar;C:\Program Files\Java\jdk1.8.0_181\jre\lib\rt.jar;C:\Program Files\Java\jdk1.8.0_181\jre\lib\sunrsasign.jar;C:\Program Files\Java\jdk1.8.0_181\jre\lib\jsse.jar;C:\Program Files\Java\jdk1.8.0_181\jre\lib\jce.jar;C:\Program Files\Java\jdk1.8.0_181\jre\lib\charsets.jar;C:\Program Files\Java\jdk1.8.0_181\jre\lib\jfr.jar;C:\Program Files\Java\jdk1.8.0_181\jre\classes"/>
    <property name="user.script" value=""/>
    <property name="sun.management.compiler" value="HotSpot 64-Bit Tiered Compilers"/>
    <property name="java.runtime.version" value="1.8.0_181-b13"/>
    <property name="user.name" value="Administrator"/>
    <property name="path.separator" value=";"/>
    <property name="deviceUDID" value=""/>
    <property name="os.version" value="6.1"/>
    <property name="java.endorsed.dirs" value="C:\Program Files\Java\jdk1.8.0_181\jre\lib\endorsed"/>
    <property name="java.runtime.name" value="Java(TM) SE Runtime Environment"/>
    <property name="file.encoding" value="GBK"/>
    <property name="platformVersion" value=""/>
    <property name="java.vm.name" value="Java HotSpot(TM) 64-Bit Server VM"/>
    <property name="localRepository" value="C:\Users\Administrator\.m2\repository"/>
    <property name="java.vendor.url.bug" value="http://bugreport.sun.com/bugreport/"/>
    <property name="java.io.tmpdir" value="C:\Users\ADMINI~1\AppData\Local\Temp\"/>
    <property name="java.version" value="1.8.0_181"/>
    <property name="user.dir" value="E:\heduijiang\APP_Test"/>
    <property name="os.arch" value="amd64"/>
    <property name="java.vm.specification.name" value="Java Virtual Machine Specification"/>
    <property name="java.awt.printerjob" value="sun.awt.windows.WPrinterJob"/>
    <property name="sun.os.patch.level" value="Service Pack 1"/>
    <property name="java.library.path" value="C:\Program Files\Java\jdk1.8.0_181\jre\bin;C:\Windows\Sun\Java\bin;C:\Windows\system32;C:\Windows;C:/Program Files/Java/jre1.8.0_181/bin/server;C:/Program Files/Java/jre1.8.0_181/bin;C:/Program Files/Java/jre1.8.0_181/lib/amd64;F:\Xshell\;C:\Program Files (x86)\Common Files\Oracle\Java\javapath;C:\Windows\system32;C:\Windows;C:\Windows\System32\Wbem;C:\Windows\System32\WindowsPowerShell\v1.0\;C:\Program Files\Java\jdk1.8.0_181\bin;C:\Program Files\Java\jdk1.8.0_181\jre\bin;E:\SDKTools\platform-tools;F:\apache-jmeter-5.1.1\bin;E:\d\Python3.7;E:\d\Python3.7\Scripts;E:\SDKTools\build-tools\21.1.2;E:\APP自动化自己学习-川\APP自动化工具\android-sdk-windows-appium\platform-tools;E:\APP自动化自己学习-川\APP自动化工具\android-sdk-windows-appium\tools;F:\New Folder\;C:\Users\Administrator\AppData\Roaming\npm;D:\eclipse\eclipse;;."/>
    <property name="java.vm.info" value="mixed mode"/>
    <property name="java.vendor" value="Oracle Corporation"/>
    <property name="java.vm.version" value="25.181-b13"/>
    <property name="java.ext.dirs" value="C:\Program Files\Java\jdk1.8.0_181\jre\lib\ext;C:\Windows\Sun\Java\lib\ext"/>
    <property name="sun.io.unicode.encoding" value="UnicodeLittle"/>
    <property name="java.class.version" value="52.0"/>
  </properties>
  <testcase name="getFirst" classname="com.cmcc.p.poc.automation.test.AddAndRemoveMember" time="0.009"/>
  <testcase name="getsecond" classname="com.cmcc.p.poc.automation.test.AddAndRemoveMember" time="0"/>
  <testcase name="test" classname="com.cmcc.p.poc.automation.test.AddAndRemoveMember" time="294.507"/>
  <testcase name="getFirst" classname="com.cmcc.p.poc.automation.test.Addfriend" time="0"/>
  <testcase name="getsecond" classname="com.cmcc.p.poc.automation.test.Addfriend" time="0"/>
  <testcase name="test" classname="com.cmcc.p.poc.automation.test.Addfriend" time="323.518"/>
  <testcase name="getFirst" classname="com.cmcc.p.poc.automation.test.Callfriend" time="0"/>
  <testcase name="getsecond" classname="com.cmcc.p.poc.automation.test.Callfriend" time="0"/>
  <testcase name="test" classname="com.cmcc.p.poc.automation.test.Callfriend" time="335.836"/>
  <testcase name="getFirst" classname="com.cmcc.p.poc.automation.test.Callonefriend" time="0"/>
  <testcase name="getsecond" classname="com.cmcc.p.poc.automation.test.Callonefriend" time="0.001"/>
  <testcase name="test1" classname="com.cmcc.p.poc.automation.test.Callonefriend" time="77.169"/>
  <testcase name="test2" classname="com.cmcc.p.poc.automation.test.Callonefriend" time="5.505"/>
  <testcase name="test3" classname="com.cmcc.p.poc.automation.test.Callonefriend" time="158.89"/>
  <testcase name="getFirst" classname="com.cmcc.p.poc.automation.test.FriendmoduleFlowTest" time="0"/>
  <testcase name="getsecond" classname="com.cmcc.p.poc.automation.test.FriendmoduleFlowTest" time="0"/>
  <testcase name="test" classname="com.cmcc.p.poc.automation.test.FriendmoduleFlowTest" time="247.202"/>
  <testcase name="getsecond" classname="com.cmcc.p.poc.automation.test.Group_my_nick_name_tip" time="0.003"/>
  <testcase name="test" classname="com.cmcc.p.poc.automation.test.Group_my_nick_name_tip" time="127.157"/>
  <testcase name="getsecond" classname="com.cmcc.p.poc.automation.test.Group_notice" time="0"/>
  <testcase name="test" classname="com.cmcc.p.poc.automation.test.Group_notice" time="140.926"/>
  <testcase name="getFirst" classname="com.cmcc.p.poc.automation.test.Group_transfer_container" time="0"/>
  <testcase name="getFirst2" classname="com.cmcc.p.poc.automation.test.Group_transfer_container" time="0"/>
  <testcase name="test" classname="com.cmcc.p.poc.automation.test.Group_transfer_container" time="386.465"/>
  <testcase name="getFirst" classname="com.cmcc.p.poc.automation.test.GroupAction" time="0"/>
  <testcase name="test1" classname="com.cmcc.p.poc.automation.test.GroupAction" time="96.979"/>
  <testcase name="getFirst" classname="com.cmcc.p.poc.automation.test.Groupfriend" time="0"/>
  <testcase name="getsecond" classname="com.cmcc.p.poc.automation.test.Groupfriend" time="0"/>
  <testcase name="test" classname="com.cmcc.p.poc.automation.test.Groupfriend" time="297.128"/>
  <testcase name="getFirst" classname="com.cmcc.p.poc.automation.test.GroupNeedcheck" time="0.002"/>
  <testcase name="getsecond" classname="com.cmcc.p.poc.automation.test.GroupNeedcheck" time="0"/>
  <testcase name="test" classname="com.cmcc.p.poc.automation.test.GroupNeedcheck" time="539.853"/>
  <testcase name="getFirst" classname="com.cmcc.p.poc.automation.test.GroupNotallow" time="0"/>
  <testcase name="test" classname="com.cmcc.p.poc.automation.test.GroupNotallow" time="144.45">
    <failure type="java.lang.NullPointerException">java.lang.NullPointerException
	at com.cmcc.p.poc.automation.test.GroupNotallow.test(GroupNotallow.java:41)
</failure>
    <system-out><![CDATA[[2021-11-24 15:30:44][@AfterTest]
[2021-11-24 15:30:47]findElement com.cmcc.p.poc:id/et_phone_num success
[2021-11-24 15:30:48]findElement com.cmcc.p.poc:id/et_phone_num success
[2021-11-24 15:30:49]findElement com.cmcc.p.poc:id/et_pwd success
[2021-11-24 15:30:50]findElement com.cmcc.p.poc:id/tv_login success
[2021-11-24 15:30:55]find element:By.id: com.cmcc.p.poc:id/viewPager
[2021-11-24 15:30:55]find element success
[2021-11-24 15:30:55]findElement com.cmcc.p.poc:id/iv_close success
[2021-11-24 15:30:55]find element:By.id: com.cmcc.p.poc:id/tv_msg
[2021-11-24 15:31:16]find element fail:By.id: com.cmcc.p.poc:id/tv_msg
[2021-11-24 15:31:16]find element:By.id: com.cmcc.p.poc:id/tv_msg
[2021-11-24 15:31:36]find element fail:By.id: com.cmcc.p.poc:id/tv_msg
[2021-11-24 15:31:36]find element:By.id: com.cmcc.p.poc:id/tv_title
[2021-11-24 15:31:56]find element fail:By.id: com.cmcc.p.poc:id/tv_title
[2021-11-24 15:31:59]findElement 群组 success
[2021-11-24 15:32:00]findElement com.cmcc.p.poc:id/tv_new_group success
[2021-11-24 15:32:06]findElement com.cmcc.p.poc:id/tv_confirm success
[2021-11-24 15:32:07]findElement com.cmcc.p.poc:id/title_left_text success
[2021-11-24 15:33:09]findElement com.cmcc.p.poc:id/ib_group_info fail
]]></system-out>
  </testcase>
  <testcase name="getFirst" classname="com.cmcc.p.poc.automation.test.GroupUndisturbed" time="0.003"/>
  <testcase name="test" classname="com.cmcc.p.poc.automation.test.GroupUndisturbed" time="147.516">
    <failure type="java.lang.NullPointerException">java.lang.NullPointerException
	at com.cmcc.p.poc.automation.test.GroupUndisturbed.test(GroupUndisturbed.java:42)
</failure>
    <system-out><![CDATA[[2021-11-24 15:33:21][@AfterTest]
[2021-11-24 15:33:24]findElement com.cmcc.p.poc:id/et_phone_num success
[2021-11-24 15:33:25]findElement com.cmcc.p.poc:id/et_phone_num success
[2021-11-24 15:33:26]findElement com.cmcc.p.poc:id/et_pwd success
[2021-11-24 15:33:27]findElement com.cmcc.p.poc:id/tv_login success
[2021-11-24 15:33:32]find element:By.id: com.cmcc.p.poc:id/viewPager
[2021-11-24 15:33:32]find element success
[2021-11-24 15:33:32]findElement com.cmcc.p.poc:id/iv_close success
[2021-11-24 15:33:32]find element:By.id: com.cmcc.p.poc:id/tv_msg
[2021-11-24 15:33:52]find element fail:By.id: com.cmcc.p.poc:id/tv_msg
[2021-11-24 15:33:52]find element:By.id: com.cmcc.p.poc:id/tv_msg
[2021-11-24 15:34:13]find element fail:By.id: com.cmcc.p.poc:id/tv_msg
[2021-11-24 15:34:13]find element:By.id: com.cmcc.p.poc:id/tv_title
[2021-11-24 15:34:33]find element fail:By.id: com.cmcc.p.poc:id/tv_title
[2021-11-24 15:34:36]findElement 群组 success
[2021-11-24 15:34:37]findElement com.cmcc.p.poc:id/tv_new_group success
[2021-11-24 15:34:44]findElement com.cmcc.p.poc:id/tv_confirm success
[2021-11-24 15:34:45]findElement com.cmcc.p.poc:id/title_left_text success
[2021-11-24 15:35:49]findElement com.cmcc.p.poc:id/ib_group_info fail
]]></system-out>
  </testcase>
  <testcase name="getFirst" classname="com.cmcc.p.poc.automation.test.HistotyTest" time="0"/>
  <testcase name="test" classname="com.cmcc.p.poc.automation.test.HistotyTest" time="162.462">
    <failure type="java.lang.NullPointerException">java.lang.NullPointerException
	at com.cmcc.p.poc.automation.test.HistotyTest.test(HistotyTest.java:52)
</failure>
    <system-out><![CDATA[[2021-11-24 15:36:01][@AfterTest]
[2021-11-24 15:36:04]findElement com.cmcc.p.poc:id/et_phone_num success
[2021-11-24 15:36:05]findElement com.cmcc.p.poc:id/et_phone_num success
[2021-11-24 15:36:06]findElement com.cmcc.p.poc:id/et_pwd success
[2021-11-24 15:36:07]findElement com.cmcc.p.poc:id/tv_login success
[2021-11-24 15:36:12]find element:By.id: com.cmcc.p.poc:id/viewPager
[2021-11-24 15:36:12]find element success
[2021-11-24 15:36:12]findElement com.cmcc.p.poc:id/iv_close success
[2021-11-24 15:36:12]find element:By.id: com.cmcc.p.poc:id/tv_msg
[2021-11-24 15:36:32]find element fail:By.id: com.cmcc.p.poc:id/tv_msg
[2021-11-24 15:36:32]find element:By.id: com.cmcc.p.poc:id/tv_msg
[2021-11-24 15:36:53]find element fail:By.id: com.cmcc.p.poc:id/tv_msg
[2021-11-24 15:36:53]find element:By.id: com.cmcc.p.poc:id/tv_title
[2021-11-24 15:37:13]find element fail:By.id: com.cmcc.p.poc:id/tv_title
[2021-11-24 15:37:16]findElement 群组 success
[2021-11-24 15:37:18]findElement com.cmcc.p.poc:id/tv_new_group success
[2021-11-24 15:37:24]findElement com.cmcc.p.poc:id/tv_confirm success
[2021-11-24 15:37:25]findElement com.cmcc.p.poc:id/title_left_text success
[2021-11-24 15:37:28]findElement 群组 success
[2021-11-24 15:37:29]findElement com.cmcc.p.poc:id/tv_new_group success
[2021-11-24 15:37:35]findElement com.cmcc.p.poc:id/tv_confirm success
[2021-11-24 15:37:36]findElement com.cmcc.p.poc:id/title_left_text success
[2021-11-24 15:37:39]findElement 群组 success
[2021-11-24 15:37:42]findElement com.cmcc.p.poc:id/rl_content success
4
[2021-11-24 15:37:42]findElement com.cmcc.p.poc:id/rl_content success
[2021-11-24 15:38:43]findElement com.cmcc.p.poc:id/tv_group_name fail
]]></system-out>
  </testcase>
  <testcase name="getFirst" classname="com.cmcc.p.poc.automation.test.JoinAndExitGroup" time="0"/>
  <testcase name="getsecond" classname="com.cmcc.p.poc.automation.test.JoinAndExitGroup" time="0"/>
  <testcase name="test" classname="com.cmcc.p.poc.automation.test.JoinAndExitGroup" time="350.96"/>
  <testcase name="getFirst" classname="com.cmcc.p.poc.automation.test.LoginAndSpeak" time="0.001"/>
  <testcase name="test" classname="com.cmcc.p.poc.automation.test.LoginAndSpeak" time="122.522"/>
  <testcase name="getFirst" classname="com.cmcc.p.poc.automation.test.LoginTest" time="0"/>
  <testcase name="login" classname="com.cmcc.p.poc.automation.test.LoginTest" time="94.174"/>
  <testcase name="getFirst" classname="com.cmcc.p.poc.automation.test.ManageGroup" time="0"/>
  <testcase name="manageGroup" classname="com.cmcc.p.poc.automation.test.ManageGroup" time="148.899"/>
  <testcase name="getFirst" classname="com.cmcc.p.poc.automation.test.Member_location" time="0.001"/>
  <testcase name="test" classname="com.cmcc.p.poc.automation.test.Member_location" time="193.393"/>
  <testcase name="getFirst" classname="com.cmcc.p.poc.automation.test.Messfriend" time="0"/>
  <testcase name="getsecond" classname="com.cmcc.p.poc.automation.test.Messfriend" time="0"/>
  <testcase name="test" classname="com.cmcc.p.poc.automation.test.Messfriend" time="230.424"/>
  <testcase name="getFirst" classname="com.cmcc.p.poc.automation.test.PersonalInfo" time="0"/>
  <testcase name="test" classname="com.cmcc.p.poc.automation.test.PersonalInfo" time="90.026"/>
  <testcase name="getFirst" classname="com.cmcc.p.poc.automation.test.Redpointfriend" time="0.002"/>
  <testcase name="getsecond" classname="com.cmcc.p.poc.automation.test.Redpointfriend" time="0"/>
  <testcase name="test" classname="com.cmcc.p.poc.automation.test.Redpointfriend" time="299.389"/>
  <testcase name="getFirst" classname="com.cmcc.p.poc.automation.test.Searchfriendhavefriend" time="0"/>
  <testcase name="getsecond" classname="com.cmcc.p.poc.automation.test.Searchfriendhavefriend" time="0"/>
  <testcase name="test" classname="com.cmcc.p.poc.automation.test.Searchfriendhavefriend" time="322.719"/>
  <testcase name="getFirst" classname="com.cmcc.p.poc.automation.test.SearchfriendNofriend" time="0.004"/>
  <testcase name="test" classname="com.cmcc.p.poc.automation.test.SearchfriendNofriend" time="82.055"/>
  <testcase name="getFirst" classname="com.cmcc.p.poc.automation.test.Set_manager_member" time="0.022"/>
  <testcase name="getFirst2" classname="com.cmcc.p.poc.automation.test.Set_manager_member" time="0.002"/>
  <testcase name="test" classname="com.cmcc.p.poc.automation.test.Set_manager_member" time="264.201"/>
  <testcase name="getsecond6" classname="com.cmcc.p.poc.automation.test.Set_manager_no_member" time="0"/>
  <testcase name="test" classname="com.cmcc.p.poc.automation.test.Set_manager_no_member" time="132.854"/>
  <testcase name="getFirst" classname="com.cmcc.p.poc.automation.test.Set_notes" time="0.001"/>
  <testcase name="test" classname="com.cmcc.p.poc.automation.test.Set_notes" time="110.063"/>
  <testcase name="getFirst" classname="com.cmcc.p.poc.automation.test.SetUp" time="0"/>
  <testcase name="test" classname="com.cmcc.p.poc.automation.test.SetUp" time="115.74"/>
  <testcase name="getFirst" classname="com.cmcc.p.poc.automation.test.ShareLocation" time="0.003"/>
  <testcase name="test" classname="com.cmcc.p.poc.automation.test.ShareLocation" time="116.291"/>
  <testcase name="getFirst" classname="com.cmcc.p.poc.automation.test.SpeakAndPlay" time="0.002"/>
  <testcase name="test" classname="com.cmcc.p.poc.automation.test.SpeakAndPlay" time="157.073"/>
  <testcase name="getFirst" classname="com.cmcc.p.poc.automation.test.TopGroup" time="0"/>
  <testcase name="test" classname="com.cmcc.p.poc.automation.test.TopGroup" time="163.723"/>
  <testcase name="getFirst" classname="com.cmcc.p.poc.automation.test.Updatefriendfail" time="0.001"/>
  <testcase name="getsecond" classname="com.cmcc.p.poc.automation.test.Updatefriendfail" time="0"/>
  <testcase name="test" classname="com.cmcc.p.poc.automation.test.Updatefriendfail" time="257.017"/>
  <testcase name="getFirst" classname="com.cmcc.p.poc.automation.test.Updatefriendname" time="0.001"/>
  <testcase name="getsecond" classname="com.cmcc.p.poc.automation.test.Updatefriendname" time="0"/>
  <testcase name="test" classname="com.cmcc.p.poc.automation.test.Updatefriendname" time="166.61">
    <failure type="java.lang.NullPointerException">java.lang.NullPointerException
	at com.cmcc.p.poc.automation.test.Updatefriendname.test(Updatefriendname.java:57)
</failure>
    <system-out><![CDATA[[2021-11-24 16:37:17][@AfterTest]
[2021-11-24 16:37:20]findElement com.cmcc.p.poc:id/et_phone_num success
[2021-11-24 16:37:20]findElement com.cmcc.p.poc:id/et_phone_num success
[2021-11-24 16:37:21]findElement com.cmcc.p.poc:id/et_pwd success
[2021-11-24 16:37:22]findElement com.cmcc.p.poc:id/tv_login success
[2021-11-24 16:37:27]find element:By.id: com.cmcc.p.poc:id/viewPager
[2021-11-24 16:37:27]find element success
[2021-11-24 16:37:27]findElement com.cmcc.p.poc:id/iv_close success
[2021-11-24 16:37:27]find element:By.id: com.cmcc.p.poc:id/tv_msg
[2021-11-24 16:37:48]find element fail:By.id: com.cmcc.p.poc:id/tv_msg
[2021-11-24 16:37:48]find element:By.id: com.cmcc.p.poc:id/tv_msg
[2021-11-24 16:38:08]find element fail:By.id: com.cmcc.p.poc:id/tv_msg
[2021-11-24 16:38:08]find element:By.id: com.cmcc.p.poc:id/tv_title
[2021-11-24 16:38:28]find element fail:By.id: com.cmcc.p.poc:id/tv_title
[2021-11-24 16:38:28]findElement com.cmcc.p.poc:id/tab_friend success
[2021-11-24 16:38:31]findElement com.cmcc.p.poc:id/title_right_edit success
[2021-11-24 16:38:34]findElement com.cmcc.p.poc:id/et_search success
[2021-11-24 16:38:37]findElement com.cmcc.p.poc:id/et_search success
[2021-11-24 16:38:38]findElement com.cmcc.p.poc:id/et_search success
[2021-11-24 16:38:41]findElement com.cmcc.p.poc:id/iv_search success
[2021-11-24 16:38:44]findElement com.cmcc.p.poc:id/rl success
[2021-11-24 16:38:47]findElement com.cmcc.p.poc:id/tv_add_friend success
[2021-11-24 16:38:50]findElement com.cmcc.p.poc:id/title_right_text success
[2021-11-24 16:38:53]findElement com.cmcc.p.poc:id/title_left_text success
[2021-11-24 16:38:56]findElement com.cmcc.p.poc:id/title_left_text success
[2021-11-24 16:38:59]findElement com.cmcc.p.poc:id/title_left_text success
[2021-11-24 16:38:59]发送好友申请---->PASS
[2021-11-24 16:40:03]findElement com.cmcc.p.poc:id/tab_me fail
]]></system-out>
  </testcase>
</testsuite>