<?xml version="1.0" encoding="UTF-8"?>
<!-- Generated by org.testng.reporters.JUnitReportReporter -->
<testsuite hostname="tiansc" name="com.cmcc.p.poc.automation.test.Groupfriend" tests="3" failures="0" timestamp="22 Nov 2021 10:00:40 GMT" time="296.629" errors="0">
  <testcase name="getsecond" time="0.002" classname="com.cmcc.p.poc.automation.test.Groupfriend"/>
  <testcase name="getFirst" time="0.005" classname="com.cmcc.p.poc.automation.test.Groupfriend"/>
  <testcase name="test" time="296.622" classname="com.cmcc.p.poc.automation.test.Groupfriend"/>
</testsuite> <!-- com.cmcc.p.poc.automation.test.Groupfriend -->
