<?xml version="1.0" encoding="UTF-8"?>
<!-- Generated by org.testng.reporters.JUnitReportReporter -->
<testsuite hostname="tiansc" name="com.cmcc.p.poc.automation.test.Group_transfer_container" tests="3" failures="0" timestamp="22 Nov 2021 09:49:32 GMT" time="390.647" errors="0">
  <testcase name="getFirst" time="0.008" classname="com.cmcc.p.poc.automation.test.Group_transfer_container"/>
  <testcase name="test" time="390.635" classname="com.cmcc.p.poc.automation.test.Group_transfer_container"/>
  <testcase name="getFirst2" time="0.004" classname="com.cmcc.p.poc.automation.test.Group_transfer_container"/>
</testsuite> <!-- com.cmcc.p.poc.automation.test.Group_transfer_container -->
