<?xml version="1.0" encoding="UTF-8"?>
<!-- Generated by org.testng.reporters.JUnitReportReporter -->
<testsuite hostname="tiansc" name="com.cmcc.p.poc.automation.test.GroupAction" tests="2" failures="0" timestamp="22 Nov 2021 09:54:36 GMT" time="96.938" errors="0">
  <testcase name="test1" time="96.931" classname="com.cmcc.p.poc.automation.test.GroupAction"/>
  <testcase name="getFirst" time="0.007" classname="com.cmcc.p.poc.automation.test.GroupAction"/>
</testsuite> <!-- com.cmcc.p.poc.automation.test.GroupAction -->
