<?xml version="1.0" encoding="UTF-8"?>
<!-- Generated by org.testng.reporters.JUnitReportReporter -->
<testsuite hostname="tiansc" name="com.cmcc.p.poc.automation.test.SearchfriendNofriend" tests="2" failures="0" timestamp="23 Nov 2021 07:27:31 GMT" time="83.600" errors="0">
  <testcase name="getFirst" time="0.010" classname="com.cmcc.p.poc.automation.test.SearchfriendNofriend"/>
  <testcase name="test" time="83.590" classname="com.cmcc.p.poc.automation.test.SearchfriendNofriend"/>
</testsuite> <!-- com.cmcc.p.poc.automation.test.SearchfriendNofriend -->
