<?xml version="1.0" encoding="UTF-8"?>
<!-- Generated by org.testng.reporters.JUnitReportReporter -->
<testsuite hostname="tiansc" name="com.cmcc.p.poc.automation.test.Redpointfriend" tests="3" failures="0" timestamp="23 Nov 2021 06:33:54 GMT" time="304.703" errors="0">
  <testcase name="getFirst" time="0.009" classname="com.cmcc.p.poc.automation.test.Redpointfriend"/>
  <testcase name="getsecond" time="0.001" classname="com.cmcc.p.poc.automation.test.Redpointfriend"/>
  <testcase name="test" time="304.693" classname="com.cmcc.p.poc.automation.test.Redpointfriend"/>
</testsuite> <!-- com.cmcc.p.poc.automation.test.Redpointfriend -->
