<?xml version="1.0" encoding="UTF-8"?>
<!-- Generated by org.testng.reporters.JUnitReportReporter -->
<testsuite hostname="tiansc" name="com.cmcc.p.poc.automation.test.LoginAndSpeak" tests="2" failures="0" timestamp="23 Nov 2021 03:42:59 GMT" time="123.709" errors="0">
  <testcase name="getFirst" time="0.008" classname="com.cmcc.p.poc.automation.test.LoginAndSpeak"/>
  <testcase name="test" time="123.701" classname="com.cmcc.p.poc.automation.test.LoginAndSpeak"/>
</testsuite> <!-- com.cmcc.p.poc.automation.test.LoginAndSpeak -->
