<?xml version="1.0" encoding="UTF-8"?>
<!-- Generated by org.testng.reporters.JUnitReportReporter -->
<testsuite hostname="tiansc" name="com.cmcc.p.poc.automation.test.Group_my_nick_name_tip" tests="2" failures="0" timestamp="22 Nov 2021 09:37:51 GMT" time="125.407" errors="0">
  <testcase name="getsecond" time="0.009" classname="com.cmcc.p.poc.automation.test.Group_my_nick_name_tip"/>
  <testcase name="test" time="125.398" classname="com.cmcc.p.poc.automation.test.Group_my_nick_name_tip"/>
</testsuite> <!-- com.cmcc.p.poc.automation.test.Group_my_nick_name_tip -->
