<?xml version="1.0" encoding="UTF-8"?>
<!-- Generated by org.testng.reporters.JUnitReportReporter -->
<testsuite hostname="tiansc" name="com.cmcc.p.poc.automation.test.Chengyuanguanlishezhiguanliyuan" tests="3" failures="0" timestamp="18 Nov 2021 02:21:18 GMT" time="279.860" errors="0">
  <testcase name="getFirst" time="0.007" classname="com.cmcc.p.poc.automation.test.Chengyuanguanlishezhiguanliyuan"/>
  <testcase name="getFirst2" time="0.002" classname="com.cmcc.p.poc.automation.test.Chengyuanguanlishezhiguanliyuan"/>
  <testcase name="test" time="279.851" classname="com.cmcc.p.poc.automation.test.Chengyuanguanlishezhiguanliyuan"/>
</testsuite> <!-- com.cmcc.p.poc.automation.test.Chengyuanguanlishezhiguanliyuan -->
