<?xml version="1.0" encoding="UTF-8"?>
<!-- Generated by org.testng.reporters.JUnitReportReporter -->
<testsuite ignored="0" hostname="DESKTOP-5A1Q679" failures="0" tests="1" name="com.cmcc.p.poc.automation.test.NewGroup" time="29.816" errors="0" timestamp="08 5æœˆ 2020 08:02:05 GMT" skipped="0">
  <testcase classname="com.cmcc.p.poc.automation.test.NewGroup" name="Newgroup" time="29.816"/>
</testsuite> <!-- com.cmcc.p.poc.automation.test.NewGroup -->
