<?xml version="1.0" encoding="UTF-8"?>
<!-- Generated by org.testng.reporters.JUnitReportReporter -->
<testsuite hostname="tiansc" name="com.cmcc.p.poc.automation.test.SetUp" tests="2" failures="0" timestamp="23 Nov 2021 08:30:22 GMT" time="117.692" errors="0">
  <testcase name="getFirst" time="0.006" classname="com.cmcc.p.poc.automation.test.SetUp"/>
  <testcase name="test" time="117.686" classname="com.cmcc.p.poc.automation.test.SetUp"/>
</testsuite> <!-- com.cmcc.p.poc.automation.test.SetUp -->
