<?xml version="1.0" encoding="UTF-8"?>
<!-- Generated by org.testng.reporters.JUnitReportReporter -->
<testsuite hostname="tiansc" name="com.cmcc.p.poc.automation.test.Group_switch_btn" tests="2" failures="0" timestamp="18 Nov 2021 03:18:03 GMT" time="126.925" errors="0">
  <testcase name="test" time="126.917" classname="com.cmcc.p.poc.automation.test.Group_switch_btn"/>
  <testcase name="getsecond" time="0.008" classname="com.cmcc.p.poc.automation.test.Group_switch_btn"/>
</testsuite> <!-- com.cmcc.p.poc.automation.test.Group_switch_btn -->
