<?xml version="1.0" encoding="UTF-8"?>
<!-- Generated by org.testng.reporters.JUnitReportReporter -->
<testsuite hostname="tiansc" name="com.cmcc.p.poc.automation.test.ManageGroup" tests="2" failures="0" timestamp="23 Nov 2021 04:18:49 GMT" time="149.544" errors="0">
  <testcase name="getFirst" time="0.009" classname="com.cmcc.p.poc.automation.test.ManageGroup"/>
  <testcase name="manageGroup" time="149.535" classname="com.cmcc.p.poc.automation.test.ManageGroup"/>
</testsuite> <!-- com.cmcc.p.poc.automation.test.ManageGroup -->
