<?xml version="1.0" encoding="UTF-8"?>
<!-- Generated by org.testng.reporters.JUnitReportReporter -->
<testsuite hostname="tiansc" name="com.cmcc.p.poc.automation.test.PersonalInfo" tests="2" failures="0" timestamp="23 Nov 2021 06:27:42 GMT" time="92.218" errors="0">
  <testcase name="test" time="92.211" classname="com.cmcc.p.poc.automation.test.PersonalInfo"/>
  <testcase name="getFirst" time="0.007" classname="com.cmcc.p.poc.automation.test.PersonalInfo"/>
</testsuite> <!-- com.cmcc.p.poc.automation.test.PersonalInfo -->
