<?xml version="1.0" encoding="UTF-8"?>
<!-- Generated by org.testng.reporters.JUnitReportReporter -->
<testsuite hostname="tiansc" name="com.cmcc.p.poc.automation.test.Messfriend" tests="3" failures="0" timestamp="23 Nov 2021 07:24:39 GMT" time="229.415" errors="0">
  <testcase name="getsecond" time="0.004" classname="com.cmcc.p.poc.automation.test.Messfriend"/>
  <testcase name="getFirst" time="0.007" classname="com.cmcc.p.poc.automation.test.Messfriend"/>
  <testcase name="test" time="229.404" classname="com.cmcc.p.poc.automation.test.Messfriend"/>
</testsuite> <!-- com.cmcc.p.poc.automation.test.Messfriend -->
