<?xml version="1.0" encoding="UTF-8"?>
<!-- Generated by org.testng.reporters.JUnitReportReporter -->
<testsuite hostname="tiansc" name="com.cmcc.p.poc.automation.test.Callonefriend" tests="5" failures="0" timestamp="22 Nov 2021 09:24:41 GMT" time="247.384" errors="0">
  <testcase name="getFirst" time="0.007" classname="com.cmcc.p.poc.automation.test.Callonefriend"/>
  <testcase name="test2" time="5.876" classname="com.cmcc.p.poc.automation.test.Callonefriend"/>
  <testcase name="getsecond" time="0.003" classname="com.cmcc.p.poc.automation.test.Callonefriend"/>
  <testcase name="test1" time="82.166" classname="com.cmcc.p.poc.automation.test.Callonefriend"/>
  <testcase name="test3" time="159.332" classname="com.cmcc.p.poc.automation.test.Callonefriend"/>
</testsuite> <!-- com.cmcc.p.poc.automation.test.Callonefriend -->
