<?xml version="1.0" encoding="UTF-8"?>
<!-- Generated by org.testng.reporters.JUnitReportReporter -->
<testsuite hostname="tiansc" name="com.cmcc.p.poc.automation.test.GroupNotallow" tests="2" failures="0" timestamp="22 Nov 2021 10:14:52 GMT" time="156.064" errors="0">
  <testcase name="test" time="156.056" classname="com.cmcc.p.poc.automation.test.GroupNotallow"/>
  <testcase name="getFirst" time="0.008" classname="com.cmcc.p.poc.automation.test.GroupNotallow"/>
</testsuite> <!-- com.cmcc.p.poc.automation.test.GroupNotallow -->
