<?xml version="1.0" encoding="UTF-8"?>
<!-- Generated by org.testng.reporters.JUnitReportReporter -->
<testsuite hostname="tiansc" name="com.cmcc.p.poc.automation.test.Member_location" tests="2" failures="0" timestamp="22 Nov 2021 08:59:49 GMT" time="136.294" errors="0">
  <testcase name="getFirst" time="0.003" classname="com.cmcc.p.poc.automation.test.Member_location"/>
  <testcase name="test" time="136.291" classname="com.cmcc.p.poc.automation.test.Member_location"/>
</testsuite> <!-- com.cmcc.p.poc.automation.test.Member_location -->
