<?xml version="1.0" encoding="UTF-8"?>
<!-- Generated by org.testng.reporters.JUnitReportReporter -->
<testsuite hostname="tiansc" name="com.cmcc.p.poc.automation.test.Searchfriendhavefriend" tests="3" failures="0" timestamp="23 Nov 2021 06:42:52 GMT" time="313.159" errors="0">
  <testcase name="getFirst" time="0.006" classname="com.cmcc.p.poc.automation.test.Searchfriendhavefriend"/>
  <testcase name="getsecond" time="0.002" classname="com.cmcc.p.poc.automation.test.Searchfriendhavefriend"/>
  <testcase name="test" time="313.151" classname="com.cmcc.p.poc.automation.test.Searchfriendhavefriend"/>
</testsuite> <!-- com.cmcc.p.poc.automation.test.Searchfriendhavefriend -->
