<?xml version="1.0" encoding="UTF-8"?>
<!-- Generated by org.testng.reporters.JUnitReportReporter -->
<testsuite hostname="tiansc" name="com.cmcc.p.poc.automation.test.SetUp" tests="2" failures="0" timestamp="6 Dec 2021 03:59:33 GMT" time="118.326" errors="0">
  <testcase name="getFirst" time="0.148" classname="com.cmcc.p.poc.automation.test.SetUp"/>
  <testcase name="test" time="118.178" classname="com.cmcc.p.poc.automation.test.SetUp"/>
</testsuite> <!-- com.cmcc.p.poc.automation.test.SetUp -->
