<?xml version="1.0" encoding="UTF-8"?>
<!-- Generated by org.testng.reporters.JUnitReportReporter -->
<testsuite hostname="tiansc" name="com.cmcc.p.poc.automation.test.GroupUndisturbed" tests="2" failures="0" timestamp="23 Nov 2021 02:23:15 GMT" time="138.169" errors="0">
  <testcase name="getFirst" time="0.004" classname="com.cmcc.p.poc.automation.test.GroupUndisturbed"/>
  <testcase name="test" time="138.165" classname="com.cmcc.p.poc.automation.test.GroupUndisturbed"/>
</testsuite> <!-- com.cmcc.p.poc.automation.test.GroupUndisturbed -->
