<?xml version="1.0" encoding="UTF-8"?>
<!-- Generated by org.testng.reporters.JUnitReportReporter -->
<testsuite hostname="tiansc" name="com.cmcc.p.poc.automation.test.FriendmoduleFlowTest" tests="3" failures="0" timestamp="22 Nov 2021 09:35:04 GMT" time="245.707" errors="0">
  <testcase name="getsecond" time="0.002" classname="com.cmcc.p.poc.automation.test.FriendmoduleFlowTest"/>
  <testcase name="getFirst" time="0.008" classname="com.cmcc.p.poc.automation.test.FriendmoduleFlowTest"/>
  <testcase name="test" time="245.697" classname="com.cmcc.p.poc.automation.test.FriendmoduleFlowTest"/>
</testsuite> <!-- com.cmcc.p.poc.automation.test.FriendmoduleFlowTest -->
