<?xml version="1.0" encoding="UTF-8"?>
<!-- Generated by org.testng.reporters.JUnitReportReporter -->
<testsuite hostname="tiansc" name="com.cmcc.p.poc.automation.test.ShareLocation" tests="2" failures="0" timestamp="6 Dec 2021 14:37:43 GMT" time="117.691" errors="0">
  <testcase name="getFirst" time="0.180" classname="com.cmcc.p.poc.automation.test.ShareLocation"/>
  <testcase name="test" time="117.511" classname="com.cmcc.p.poc.automation.test.ShareLocation"/>
</testsuite> <!-- com.cmcc.p.poc.automation.test.ShareLocation -->
