<?xml version="1.0" encoding="UTF-8"?>
<!-- Generated by org.testng.reporters.JUnitReportReporter -->
<testsuite hostname="tiansc" name="com.cmcc.p.poc.automation.test.SpeakAndPlay" tests="2" failures="0" timestamp="22 Nov 2021 08:59:49 GMT" time="156.335" errors="0">
  <testcase name="getFirst" time="0.000" classname="com.cmcc.p.poc.automation.test.SpeakAndPlay"/>
  <testcase name="test" time="156.335" classname="com.cmcc.p.poc.automation.test.SpeakAndPlay"/>
</testsuite> <!-- com.cmcc.p.poc.automation.test.SpeakAndPlay -->
