<?xml version="1.0" encoding="UTF-8"?>
<!-- Generated by org.testng.reporters.JUnitReportReporter -->
<testsuite hostname="tiansc" name="com.cmcc.p.poc.automation.test.Callfriend" tests="3" failures="0" timestamp="22 Nov 2021 09:19:10 GMT" time="336.180" errors="0">
  <testcase name="getsecond" time="0.002" classname="com.cmcc.p.poc.automation.test.Callfriend"/>
  <testcase name="test" time="336.173" classname="com.cmcc.p.poc.automation.test.Callfriend"/>
  <testcase name="getFirst" time="0.005" classname="com.cmcc.p.poc.automation.test.Callfriend"/>
</testsuite> <!-- com.cmcc.p.poc.automation.test.Callfriend -->
