<?xml version="1.0" encoding="UTF-8"?>
<!-- Generated by org.testng.reporters.JUnitReportReporter -->
<testsuite hostname="tiansc" name="com.cmcc.p.poc.automation.test.Set_manager_no_member" tests="2" failures="0" timestamp="22 Nov 2021 08:59:49 GMT" time="134.574" errors="0">
  <testcase name="getsecond6" time="0.001" classname="com.cmcc.p.poc.automation.test.Set_manager_no_member"/>
  <testcase name="test" time="134.573" classname="com.cmcc.p.poc.automation.test.Set_manager_no_member"/>
</testsuite> <!-- com.cmcc.p.poc.automation.test.Set_manager_no_member -->
