<?xml version="1.0" encoding="UTF-8"?>
<!-- Generated by org.testng.reporters.JUnitReportReporter -->
<testsuite hostname="tiansc" name="com.cmcc.p.poc.automation.test.LoginTest" tests="2" failures="0" timestamp="23 Nov 2021 03:51:25 GMT" time="93.348" errors="0">
  <testcase name="getFirst" time="0.013" classname="com.cmcc.p.poc.automation.test.LoginTest"/>
  <testcase name="login" time="93.335" classname="com.cmcc.p.poc.automation.test.LoginTest"/>
</testsuite> <!-- com.cmcc.p.poc.automation.test.LoginTest -->
