<?xml version="1.0" encoding="UTF-8"?>
<!-- Generated by org.testng.reporters.JUnitReportReporter -->
<testsuite hostname="tiansc" name="com.cmcc.p.poc.automation.test.Set_notes" tests="2" failures="0" timestamp="22 Nov 2021 08:59:49 GMT" time="108.411" errors="0">
  <testcase name="getFirst" time="0.023" classname="com.cmcc.p.poc.automation.test.Set_notes"/>
  <testcase name="test" time="108.388" classname="com.cmcc.p.poc.automation.test.Set_notes"/>
</testsuite> <!-- com.cmcc.p.poc.automation.test.Set_notes -->
