<?xml version="1.0" encoding="UTF-8"?>
<!-- Generated by org.testng.reporters.JUnitReportReporter -->
<testsuite hostname="tiansc" name="com.cmcc.p.poc.automation.test.Set_manager_member" tests="3" failures="0" timestamp="22 Nov 2021 08:59:49 GMT" time="262.937" errors="0">
  <testcase name="getFirst2" time="0.001" classname="com.cmcc.p.poc.automation.test.Set_manager_member"/>
  <testcase name="test" time="262.933" classname="com.cmcc.p.poc.automation.test.Set_manager_member"/>
  <testcase name="getFirst" time="0.003" classname="com.cmcc.p.poc.automation.test.Set_manager_member"/>
</testsuite> <!-- com.cmcc.p.poc.automation.test.Set_manager_member -->
