<?xml version="1.0" encoding="UTF-8"?>
<!-- Generated by org.testng.reporters.JUnitReportReporter -->
<testsuite hostname="tiansc" name="com.cmcc.p.poc.automation.test.EmailTest" tests="1" failures="0" timestamp="22 Nov 2021 08:59:49 GMT" time="1.548" errors="0">
  <testcase name="main" time="1.548" classname="com.cmcc.p.poc.automation.test.EmailTest"/>
</testsuite> <!-- com.cmcc.p.poc.automation.test.EmailTest -->
