<?xml version="1.0" encoding="UTF-8"?>
<!-- Generated by org.testng.reporters.JUnitReportReporter -->
<testsuite hostname="tiansc" name="com.cmcc.p.poc.automation.test.AddAndRemoveMember" tests="3" failures="0" timestamp="22 Nov 2021 08:59:49 GMT" time="296.893" errors="0">
  <testcase name="test" time="296.884" classname="com.cmcc.p.poc.automation.test.AddAndRemoveMember"/>
  <testcase name="getFirst" time="0.007" classname="com.cmcc.p.poc.automation.test.AddAndRemoveMember"/>
  <testcase name="getsecond" time="0.002" classname="com.cmcc.p.poc.automation.test.AddAndRemoveMember"/>
</testsuite> <!-- com.cmcc.p.poc.automation.test.AddAndRemoveMember -->
