<?xml version="1.0" encoding="UTF-8"?>
<!-- Generated by org.testng.reporters.JUnitReportReporter -->
<testsuite hostname="tiansc" name="com.cmcc.p.poc.automation.test.SpeakAndPlay" tests="2" failures="0" timestamp="6 Dec 2021 14:48:08 GMT" time="157.796" errors="0">
  <testcase name="getFirst" time="0.198" classname="com.cmcc.p.poc.automation.test.SpeakAndPlay"/>
  <testcase name="test" time="157.598" classname="com.cmcc.p.poc.automation.test.SpeakAndPlay"/>
</testsuite> <!-- com.cmcc.p.poc.automation.test.SpeakAndPlay -->
