<?xml version="1.0" encoding="UTF-8"?>
<!-- Generated by org.testng.reporters.JUnitReportReporter -->
<testsuite hostname="tiansc" name="com.cmcc.p.poc.automation.test.Chengyuanguanlichakanchengyuanweizhi" tests="2" failures="0" timestamp="18 Nov 2021 01:00:37 GMT" time="193.140" errors="0">
  <testcase name="getFirst" time="0.005" classname="com.cmcc.p.poc.automation.test.Chengyuanguanlichakanchengyuanweizhi"/>
  <testcase name="test" time="193.135" classname="com.cmcc.p.poc.automation.test.Chengyuanguanlichakanchengyuanweizhi"/>
</testsuite> <!-- com.cmcc.p.poc.automation.test.Chengyuanguanlichakanchengyuanweizhi -->
