<?xml version="1.0" encoding="UTF-8"?>
<!-- Generated by org.testng.reporters.JUnitReportReporter -->
<testsuite hostname="tiansc" name="com.cmcc.p.poc.automation.test.HistotyTest" tests="2" failures="0" timestamp="23 Nov 2021 02:38:38 GMT" time="203.006" errors="0">
  <testcase name="test" time="202.998" classname="com.cmcc.p.poc.automation.test.HistotyTest"/>
  <testcase name="getFirst" time="0.008" classname="com.cmcc.p.poc.automation.test.HistotyTest"/>
</testsuite> <!-- com.cmcc.p.poc.automation.test.HistotyTest -->
