<?xml version="1.0" encoding="UTF-8"?>
<!-- Generated by org.testng.reporters.JUnitReportReporter -->
<testsuite hostname="tiansc" name="com.cmcc.p.poc.automation.test.Chengyuanguanlifeihuiyuan" tests="2" failures="0" timestamp="18 Nov 2021 01:11:34 GMT" time="134.869" errors="0">
  <testcase name="test" time="134.863" classname="com.cmcc.p.poc.automation.test.Chengyuanguanlifeihuiyuan"/>
  <testcase name="getsecond6" time="0.006" classname="com.cmcc.p.poc.automation.test.Chengyuanguanlifeihuiyuan"/>
</testsuite> <!-- com.cmcc.p.poc.automation.test.Chengyuanguanlifeihuiyuan -->
