<?xml version="1.0" encoding="UTF-8"?>
<!-- Generated by org.testng.reporters.JUnitReportReporter -->
<testsuite hostname="tiansc" name="com.cmcc.p.poc.automation.test.Addfriend" tests="3" failures="0" timestamp="22 Nov 2021 09:11:52 GMT" time="330.199" errors="0">
  <testcase name="getFirst" time="0.004" classname="com.cmcc.p.poc.automation.test.Addfriend"/>
  <testcase name="getsecond" time="0.002" classname="com.cmcc.p.poc.automation.test.Addfriend"/>
  <testcase name="test" time="330.193" classname="com.cmcc.p.poc.automation.test.Addfriend"/>
</testsuite> <!-- com.cmcc.p.poc.automation.test.Addfriend -->
