<?xml version="1.0" encoding="UTF-8"?>
<!-- Generated by org.testng.reporters.JUnitReportReporter -->
<testsuite hostname="tiansc" name="com.cmcc.p.poc.automation.test.Chengyuanguanlishezhichengyuanqunnicheng" tests="2" failures="0" timestamp="18 Nov 2021 01:19:47 GMT" time="109.735" errors="0">
  <testcase name="getFirst" time="0.004" classname="com.cmcc.p.poc.automation.test.Chengyuanguanlishezhichengyuanqunnicheng"/>
  <testcase name="test" time="109.731" classname="com.cmcc.p.poc.automation.test.Chengyuanguanlishezhichengyuanqunnicheng"/>
</testsuite> <!-- com.cmcc.p.poc.automation.test.Chengyuanguanlishezhichengyuanqunnicheng -->
