<?xml version="1.0" encoding="UTF-8"?>
<!-- Generated by org.testng.reporters.JUnitReportReporter -->
<testsuite hostname="tiansc" name="com.cmcc.p.poc.automation.test.JoinAndExitGroup" tests="3" failures="0" timestamp="23 Nov 2021 03:39:02 GMT" time="350.276" errors="0">
  <testcase name="getsecond" time="0.001" classname="com.cmcc.p.poc.automation.test.JoinAndExitGroup"/>
  <testcase name="getFirst" time="0.006" classname="com.cmcc.p.poc.automation.test.JoinAndExitGroup"/>
  <testcase name="test" time="350.269" classname="com.cmcc.p.poc.automation.test.JoinAndExitGroup"/>
</testsuite> <!-- com.cmcc.p.poc.automation.test.JoinAndExitGroup -->
