<?xml version="1.0" encoding="UTF-8"?>
<!-- Generated by org.testng.reporters.JUnitReportReporter -->
<testsuite hostname="tiansc" name="com.cmcc.p.poc.automation.test.GroupNeedcheck" tests="3" failures="0" timestamp="23 Nov 2021 02:33:27 GMT" time="548.055" errors="0">
  <testcase name="getFirst" time="0.004" classname="com.cmcc.p.poc.automation.test.GroupNeedcheck"/>
  <testcase name="getsecond" time="0.002" classname="com.cmcc.p.poc.automation.test.GroupNeedcheck"/>
  <testcase name="test" time="548.049" classname="com.cmcc.p.poc.automation.test.GroupNeedcheck"/>
</testsuite> <!-- com.cmcc.p.poc.automation.test.GroupNeedcheck -->
